<?xml version="1.0" encoding="UTF-8"?>
<testsuite xmlns:xsi="http://www.w3.org/2001/XMLSchema-instance" xsi:noNamespaceSchemaLocation="https://maven.apache.org/surefire/maven-surefire-plugin/xsd/surefire-test-report.xsd" name="TestSuite" time="8.64" tests="1" errors="0" skipped="0" failures="0">
  <properties>
    <property name="sun.desktop" value="windows"/>
    <property name="awt.toolkit" value="sun.awt.windows.WToolkit"/>
    <property name="file.encoding.pkg" value="sun.io"/>
    <property name="java.specification.version" value="1.8"/>
    <property name="sun.cpu.isalist" value="amd64"/>
    <property name="sun.jnu.encoding" value="GBK"/>
    <property name="java.class.path" value="C:\Users\陈枫\IdeaProjects\selenium\target\test-classes;C:\Users\陈枫\IdeaProjects\selenium\target\classes;C:\APP\apache-maven-3.6.0\Repository\org\seleniumhq\selenium\selenium-java\3.4.0\selenium-java-3.4.0.jar;C:\APP\apache-maven-3.6.0\Repository\org\seleniumhq\selenium\selenium-api\3.4.0\selenium-api-3.4.0.jar;C:\APP\apache-maven-3.6.0\Repository\org\seleniumhq\selenium\selenium-chrome-driver\3.4.0\selenium-chrome-driver-3.4.0.jar;C:\APP\apache-maven-3.6.0\Repository\org\seleniumhq\selenium\selenium-edge-driver\3.4.0\selenium-edge-driver-3.4.0.jar;C:\APP\apache-maven-3.6.0\Repository\org\seleniumhq\selenium\selenium-firefox-driver\3.4.0\selenium-firefox-driver-3.4.0.jar;C:\APP\apache-maven-3.6.0\Repository\org\seleniumhq\selenium\selenium-ie-driver\3.4.0\selenium-ie-driver-3.4.0.jar;C:\APP\apache-maven-3.6.0\Repository\org\seleniumhq\selenium\selenium-opera-driver\3.4.0\selenium-opera-driver-3.4.0.jar;C:\APP\apache-maven-3.6.0\Repository\org\seleniumhq\selenium\selenium-remote-driver\3.4.0\selenium-remote-driver-3.4.0.jar;C:\APP\apache-maven-3.6.0\Repository\org\seleniumhq\selenium\selenium-safari-driver\3.4.0\selenium-safari-driver-3.4.0.jar;C:\APP\apache-maven-3.6.0\Repository\org\seleniumhq\selenium\selenium-support\3.4.0\selenium-support-3.4.0.jar;C:\APP\apache-maven-3.6.0\Repository\cglib\cglib-nodep\3.2.4\cglib-nodep-3.2.4.jar;C:\APP\apache-maven-3.6.0\Repository\org\apache\commons\commons-exec\1.3\commons-exec-1.3.jar;C:\APP\apache-maven-3.6.0\Repository\org\apache\commons\commons-lang3\3.5\commons-lang3-3.5.jar;C:\APP\apache-maven-3.6.0\Repository\commons-codec\commons-codec\1.10\commons-codec-1.10.jar;C:\APP\apache-maven-3.6.0\Repository\commons-io\commons-io\2.5\commons-io-2.5.jar;C:\APP\apache-maven-3.6.0\Repository\commons-logging\commons-logging\1.2\commons-logging-1.2.jar;C:\APP\apache-maven-3.6.0\Repository\org\w3c\css\sac\1.3\sac-1.3.jar;C:\APP\apache-maven-3.6.0\Repository\net\sourceforge\cssparser\cssparser\0.9.22\cssparser-0.9.22.jar;C:\APP\apache-maven-3.6.0\Repository\com\google\code\gson\gson\2.8.0\gson-2.8.0.jar;C:\APP\apache-maven-3.6.0\Repository\com\google\guava\guava\21.0\guava-21.0.jar;C:\APP\apache-maven-3.6.0\Repository\org\hamcrest\hamcrest-core\1.3\hamcrest-core-1.3.jar;C:\APP\apache-maven-3.6.0\Repository\net\sourceforge\htmlunit\htmlunit\2.26\htmlunit-2.26.jar;C:\APP\apache-maven-3.6.0\Repository\net\sourceforge\htmlunit\htmlunit-core-js\2.26\htmlunit-core-js-2.26.jar;C:\APP\apache-maven-3.6.0\Repository\net\sourceforge\htmlunit\neko-htmlunit\2.25\neko-htmlunit-2.25.jar;C:\APP\apache-maven-3.6.0\Repository\org\apache\httpcomponents\httpclient\4.5.3\httpclient-4.5.3.jar;C:\APP\apache-maven-3.6.0\Repository\org\apache\httpcomponents\httpcore\4.4.6\httpcore-4.4.6.jar;C:\APP\apache-maven-3.6.0\Repository\org\apache\httpcomponents\httpmime\4.5.3\httpmime-4.5.3.jar;C:\APP\apache-maven-3.6.0\Repository\org\eclipse\jetty\jetty-io\9.4.1.v20170120\jetty-io-9.4.1.v20170120.jar;C:\APP\apache-maven-3.6.0\Repository\org\eclipse\jetty\jetty-util\9.4.1.v20170120\jetty-util-9.4.1.v20170120.jar;C:\APP\apache-maven-3.6.0\Repository\net\java\dev\jna\jna\4.1.0\jna-4.1.0.jar;C:\APP\apache-maven-3.6.0\Repository\net\java\dev\jna\jna-platform\4.1.0\jna-platform-4.1.0.jar;C:\APP\apache-maven-3.6.0\Repository\junit\junit\4.12\junit-4.12.jar;C:\APP\apache-maven-3.6.0\Repository\com\codeborne\phantomjsdriver\1.4.0\phantomjsdriver-1.4.0.jar;C:\APP\apache-maven-3.6.0\Repository\org\seleniumhq\selenium\htmlunit-driver\2.26\htmlunit-driver-2.26.jar;C:\APP\apache-maven-3.6.0\Repository\javax\servlet\javax.servlet-api\3.1.0\javax.servlet-api-3.1.0.jar;C:\APP\apache-maven-3.6.0\Repository\org\eclipse\jetty\websocket\websocket-api\9.4.3.v20170317\websocket-api-9.4.3.v20170317.jar;C:\APP\apache-maven-3.6.0\Repository\org\eclipse\jetty\websocket\websocket-client\9.4.3.v20170317\websocket-client-9.4.3.v20170317.jar;C:\APP\apache-maven-3.6.0\Repository\org\eclipse\jetty\jetty-client\9.4.3.v20170317\jetty-client-9.4.3.v20170317.jar;C:\APP\apache-maven-3.6.0\Repository\org\eclipse\jetty\jetty-http\9.4.3.v20170317\jetty-http-9.4.3.v20170317.jar;C:\APP\apache-maven-3.6.0\Repository\org\eclipse\jetty\websocket\websocket-common\9.4.3.v20170317\websocket-common-9.4.3.v20170317.jar;C:\APP\apache-maven-3.6.0\Repository\xalan\serializer\2.7.2\serializer-2.7.2.jar;C:\APP\apache-maven-3.6.0\Repository\xalan\xalan\2.7.2\xalan-2.7.2.jar;C:\APP\apache-maven-3.6.0\Repository\xerces\xercesImpl\2.11.0\xercesImpl-2.11.0.jar;C:\APP\apache-maven-3.6.0\Repository\xml-apis\xml-apis\1.4.01\xml-apis-1.4.01.jar;C:\APP\apache-maven-3.6.0\Repository\org\testng\testng\6.14.3\testng-6.14.3.jar;C:\APP\apache-maven-3.6.0\Repository\com\beust\jcommander\1.72\jcommander-1.72.jar;C:\APP\apache-maven-3.6.0\Repository\org\apache-extras\beanshell\bsh\2.0b6\bsh-2.0b6.jar;C:\APP\apache-maven-3.6.0\Repository\org\apache\maven\surefire\surefire-testng-utils\2.20.1\surefire-testng-utils-2.20.1.jar;C:\APP\apache-maven-3.6.0\Repository\org\apache\maven\surefire\surefire-grouper\2.20.1\surefire-grouper-2.20.1.jar;"/>
    <property name="java.vm.vendor" value="Oracle Corporation"/>
    <property name="sun.arch.data.model" value="64"/>
    <property name="user.variant" value=""/>
    <property name="java.vendor.url" value="http://java.oracle.com/"/>
    <property name="user.timezone" value=""/>
    <property name="java.vm.specification.version" value="1.8"/>
    <property name="os.name" value="Windows 10"/>
    <property name="user.country" value="CN"/>
    <property name="sun.java.launcher" value="SUN_STANDARD"/>
    <property name="sun.boot.library.path" value="C:\Program Files\Java\jdk1.8.0_121\jre\bin"/>
    <property name="sun.java.command" value="C:\Users\陈枫\AppData\Local\Temp\surefire3088586675573497156\surefirebooter2223595535008458935.jar C:\Users\陈枫\AppData\Local\Temp\surefire3088586675573497156 2019-09-03T22-36-55_708-jvmRun1 surefire1054269574105019052tmp surefire_06877930832124560418tmp"/>
    <property name="surefire.test.class.path" value="C:\Users\陈枫\IdeaProjects\selenium\target\test-classes;C:\Users\陈枫\IdeaProjects\selenium\target\classes;C:\APP\apache-maven-3.6.0\Repository\org\seleniumhq\selenium\selenium-java\3.4.0\selenium-java-3.4.0.jar;C:\APP\apache-maven-3.6.0\Repository\org\seleniumhq\selenium\selenium-api\3.4.0\selenium-api-3.4.0.jar;C:\APP\apache-maven-3.6.0\Repository\org\seleniumhq\selenium\selenium-chrome-driver\3.4.0\selenium-chrome-driver-3.4.0.jar;C:\APP\apache-maven-3.6.0\Repository\org\seleniumhq\selenium\selenium-edge-driver\3.4.0\selenium-edge-driver-3.4.0.jar;C:\APP\apache-maven-3.6.0\Repository\org\seleniumhq\selenium\selenium-firefox-driver\3.4.0\selenium-firefox-driver-3.4.0.jar;C:\APP\apache-maven-3.6.0\Repository\org\seleniumhq\selenium\selenium-ie-driver\3.4.0\selenium-ie-driver-3.4.0.jar;C:\APP\apache-maven-3.6.0\Repository\org\seleniumhq\selenium\selenium-opera-driver\3.4.0\selenium-opera-driver-3.4.0.jar;C:\APP\apache-maven-3.6.0\Repository\org\seleniumhq\selenium\selenium-remote-driver\3.4.0\selenium-remote-driver-3.4.0.jar;C:\APP\apache-maven-3.6.0\Repository\org\seleniumhq\selenium\selenium-safari-driver\3.4.0\selenium-safari-driver-3.4.0.jar;C:\APP\apache-maven-3.6.0\Repository\org\seleniumhq\selenium\selenium-support\3.4.0\selenium-support-3.4.0.jar;C:\APP\apache-maven-3.6.0\Repository\cglib\cglib-nodep\3.2.4\cglib-nodep-3.2.4.jar;C:\APP\apache-maven-3.6.0\Repository\org\apache\commons\commons-exec\1.3\commons-exec-1.3.jar;C:\APP\apache-maven-3.6.0\Repository\org\apache\commons\commons-lang3\3.5\commons-lang3-3.5.jar;C:\APP\apache-maven-3.6.0\Repository\commons-codec\commons-codec\1.10\commons-codec-1.10.jar;C:\APP\apache-maven-3.6.0\Repository\commons-io\commons-io\2.5\commons-io-2.5.jar;C:\APP\apache-maven-3.6.0\Repository\commons-logging\commons-logging\1.2\commons-logging-1.2.jar;C:\APP\apache-maven-3.6.0\Repository\org\w3c\css\sac\1.3\sac-1.3.jar;C:\APP\apache-maven-3.6.0\Repository\net\sourceforge\cssparser\cssparser\0.9.22\cssparser-0.9.22.jar;C:\APP\apache-maven-3.6.0\Repository\com\google\code\gson\gson\2.8.0\gson-2.8.0.jar;C:\APP\apache-maven-3.6.0\Repository\com\google\guava\guava\21.0\guava-21.0.jar;C:\APP\apache-maven-3.6.0\Repository\org\hamcrest\hamcrest-core\1.3\hamcrest-core-1.3.jar;C:\APP\apache-maven-3.6.0\Repository\net\sourceforge\htmlunit\htmlunit\2.26\htmlunit-2.26.jar;C:\APP\apache-maven-3.6.0\Repository\net\sourceforge\htmlunit\htmlunit-core-js\2.26\htmlunit-core-js-2.26.jar;C:\APP\apache-maven-3.6.0\Repository\net\sourceforge\htmlunit\neko-htmlunit\2.25\neko-htmlunit-2.25.jar;C:\APP\apache-maven-3.6.0\Repository\org\apache\httpcomponents\httpclient\4.5.3\httpclient-4.5.3.jar;C:\APP\apache-maven-3.6.0\Repository\org\apache\httpcomponents\httpcore\4.4.6\httpcore-4.4.6.jar;C:\APP\apache-maven-3.6.0\Repository\org\apache\httpcomponents\httpmime\4.5.3\httpmime-4.5.3.jar;C:\APP\apache-maven-3.6.0\Repository\org\eclipse\jetty\jetty-io\9.4.1.v20170120\jetty-io-9.4.1.v20170120.jar;C:\APP\apache-maven-3.6.0\Repository\org\eclipse\jetty\jetty-util\9.4.1.v20170120\jetty-util-9.4.1.v20170120.jar;C:\APP\apache-maven-3.6.0\Repository\net\java\dev\jna\jna\4.1.0\jna-4.1.0.jar;C:\APP\apache-maven-3.6.0\Repository\net\java\dev\jna\jna-platform\4.1.0\jna-platform-4.1.0.jar;C:\APP\apache-maven-3.6.0\Repository\junit\junit\4.12\junit-4.12.jar;C:\APP\apache-maven-3.6.0\Repository\com\codeborne\phantomjsdriver\1.4.0\phantomjsdriver-1.4.0.jar;C:\APP\apache-maven-3.6.0\Repository\org\seleniumhq\selenium\htmlunit-driver\2.26\htmlunit-driver-2.26.jar;C:\APP\apache-maven-3.6.0\Repository\javax\servlet\javax.servlet-api\3.1.0\javax.servlet-api-3.1.0.jar;C:\APP\apache-maven-3.6.0\Repository\org\eclipse\jetty\websocket\websocket-api\9.4.3.v20170317\websocket-api-9.4.3.v20170317.jar;C:\APP\apache-maven-3.6.0\Repository\org\eclipse\jetty\websocket\websocket-client\9.4.3.v20170317\websocket-client-9.4.3.v20170317.jar;C:\APP\apache-maven-3.6.0\Repository\org\eclipse\jetty\jetty-client\9.4.3.v20170317\jetty-client-9.4.3.v20170317.jar;C:\APP\apache-maven-3.6.0\Repository\org\eclipse\jetty\jetty-http\9.4.3.v20170317\jetty-http-9.4.3.v20170317.jar;C:\APP\apache-maven-3.6.0\Repository\org\eclipse\jetty\websocket\websocket-common\9.4.3.v20170317\websocket-common-9.4.3.v20170317.jar;C:\APP\apache-maven-3.6.0\Repository\xalan\serializer\2.7.2\serializer-2.7.2.jar;C:\APP\apache-maven-3.6.0\Repository\xalan\xalan\2.7.2\xalan-2.7.2.jar;C:\APP\apache-maven-3.6.0\Repository\xerces\xercesImpl\2.11.0\xercesImpl-2.11.0.jar;C:\APP\apache-maven-3.6.0\Repository\xml-apis\xml-apis\1.4.01\xml-apis-1.4.01.jar;C:\APP\apache-maven-3.6.0\Repository\org\testng\testng\6.14.3\testng-6.14.3.jar;C:\APP\apache-maven-3.6.0\Repository\com\beust\jcommander\1.72\jcommander-1.72.jar;C:\APP\apache-maven-3.6.0\Repository\org\apache-extras\beanshell\bsh\2.0b6\bsh-2.0b6.jar;C:\APP\apache-maven-3.6.0\Repository\org\apache\maven\surefire\surefire-testng-utils\2.20.1\surefire-testng-utils-2.20.1.jar;C:\APP\apache-maven-3.6.0\Repository\org\apache\maven\surefire\surefire-grouper\2.20.1\surefire-grouper-2.20.1.jar;"/>
    <property name="sun.cpu.endian" value="little"/>
    <property name="user.home" value="C:\Users\陈枫"/>
    <property name="user.language" value="zh"/>
    <property name="java.specification.vendor" value="Oracle Corporation"/>
    <property name="java.home" value="C:\Program Files\Java\jdk1.8.0_121\jre"/>
    <property name="basedir" value="C:\Users\陈枫\IdeaProjects\selenium"/>
    <property name="file.separator" value="\"/>
    <property name="line.separator" value="&#10;"/>
    <property name="java.vm.specification.vendor" value="Oracle Corporation"/>
    <property name="java.specification.name" value="Java Platform API Specification"/>
    <property name="java.awt.graphicsenv" value="sun.awt.Win32GraphicsEnvironment"/>
    <property name="surefire.real.class.path" value="C:\Users\陈枫\AppData\Local\Temp\surefire3088586675573497156\surefirebooter2223595535008458935.jar"/>
    <property name="sun.boot.class.path" value="C:\Program Files\Java\jdk1.8.0_121\jre\lib\resources.jar;C:\Program Files\Java\jdk1.8.0_121\jre\lib\rt.jar;C:\Program Files\Java\jdk1.8.0_121\jre\lib\sunrsasign.jar;C:\Program Files\Java\jdk1.8.0_121\jre\lib\jsse.jar;C:\Program Files\Java\jdk1.8.0_121\jre\lib\jce.jar;C:\Program Files\Java\jdk1.8.0_121\jre\lib\charsets.jar;C:\Program Files\Java\jdk1.8.0_121\jre\lib\jfr.jar;C:\Program Files\Java\jdk1.8.0_121\jre\classes"/>
    <property name="user.script" value=""/>
    <property name="sun.management.compiler" value="HotSpot 64-Bit Tiered Compilers"/>
    <property name="java.runtime.version" value="1.8.0_121-b13"/>
    <property name="user.name" value="陈枫"/>
    <property name="path.separator" value=";"/>
    <property name="os.version" value="10.0"/>
    <property name="java.endorsed.dirs" value="C:\Program Files\Java\jdk1.8.0_121\jre\lib\endorsed"/>
    <property name="java.runtime.name" value="Java(TM) SE Runtime Environment"/>
    <property name="file.encoding" value="UTF-8"/>
    <property name="java.vm.name" value="Java HotSpot(TM) 64-Bit Server VM"/>
    <property name="localRepository" value="C:\APP\apache-maven-3.6.0\Repository"/>
    <property name="java.vendor.url.bug" value="http://bugreport.sun.com/bugreport/"/>
    <property name="java.io.tmpdir" value="C:\Users\陈枫\AppData\Local\Temp\"/>
    <property name="java.version" value="1.8.0_121"/>
    <property name="user.dir" value="C:\Users\陈枫\IdeaProjects\selenium"/>
    <property name="os.arch" value="amd64"/>
    <property name="java.vm.specification.name" value="Java Virtual Machine Specification"/>
    <property name="java.awt.printerjob" value="sun.awt.windows.WPrinterJob"/>
    <property name="sun.os.patch.level" value=""/>
    <property name="java.library.path" value="C:\Program Files\Java\jdk1.8.0_121\jre\bin;C:\WINDOWS\Sun\Java\bin;C:\WINDOWS\system32;C:\WINDOWS;C:\APP\xshell\;C:\Program Files (x86)\Intel\iCLS Client\;C:\ProgramData\Oracle\Java\javapath;C:\Program Files\Intel\iCLS Client\;C:\WINDOWS\system32;C:\WINDOWS;C:\WINDOWS\System32\Wbem;C:\WINDOWS\System32\WindowsPowerShell\v1.0\;C:\WINDOWS\System32\OpenSSH\;C:\Program Files\Java\jdk1.8.0_121\bin;C:\Program Files\Java\jdk1.8.0_121\jre\bin;C:\APP\apache-maven-3.6.0\bin;C:\Program Files (x86)\Intel\Intel(R) Management Engine Components\DAL;C:\Program Files\Intel\Intel(R) Management Engine Components\DAL;C:\Program Files\nodejs\;C:\APP\Git\cmd;C:\Program Files\Intel\WiFi\bin\;C:\Program Files\Common Files\Intel\WirelessCommon\;C:\APP\OpenSSL-Win64\bin;C:\Users\陈枫\AppData\Local\Microsoft\WindowsApps;;C:\应用\Fiddler;C:\Users\陈枫\AppData\Roaming\npm;%USERPROFILE%\AppData\Local\Microsoft\WindowsApps;."/>
    <property name="java.vm.info" value="mixed mode"/>
    <property name="java.vendor" value="Oracle Corporation"/>
    <property name="java.vm.version" value="25.121-b13"/>
    <property name="java.ext.dirs" value="C:\Program Files\Java\jdk1.8.0_121\jre\lib\ext;C:\WINDOWS\Sun\Java\lib\ext"/>
    <property name="sun.io.unicode.encoding" value="UnicodeLittle"/>
    <property name="java.class.version" value="52.0"/>
  </properties>
  <testcase name="testGrid" classname="com.chenfeng.project.GridExample" time="7.44"/>
</testsuite>