<?xml version="1.0" encoding="UTF-8"?>
<!-- Generated by org.testng.reporters.JUnitReportReporter -->
<testsuite skipped="0" hostname="DESKTOP-H2RVOK7" name="com.chenfeng.project.GridExample" tests="1" failures="0" timestamp="03 九月 2019 14:37:12 GMT" time="7.439" errors="0">
  <testcase name="testGrid" time="7.439" classname="com.chenfeng.project.GridExample"/>
</testsuite> <!-- com.chenfeng.project.GridExample -->
